CRITICAL - 2023-03-22 14:45:28 --> Argument 2 passed to view() must be of the type array, null given, called in C:\xampp\htdocs\codeigniter4\app\Controllers\Berita.php on line 50
in SYSTEMPATH\Common.php on line 1163.
 1 APPPATH\Controllers\Berita.php(50): view('BeritaInput', null)
 2 SYSTEMPATH\CodeIgniter.php(934): App\Controllers\Berita->input()
 3 SYSTEMPATH\CodeIgniter.php(499): CodeIgniter\CodeIgniter->runController(Object(App\Controllers\Berita))
 4 SYSTEMPATH\CodeIgniter.php(368): CodeIgniter\CodeIgniter->handleRequest(null, Object(Config\Cache), false)
 5 FCPATH\index.php(67): CodeIgniter\CodeIgniter->run()
 6 SYSTEMPATH\Commands\Server\rewrite.php(47): require_once('FCPATH\\index.php')
CRITICAL - 2023-03-22 14:49:46 --> Argument 2 passed to view() must be of the type array, null given, called in C:\xampp\htdocs\codeigniter4\app\Controllers\Berita.php on line 50
in SYSTEMPATH\Common.php on line 1163.
 1 APPPATH\Controllers\Berita.php(50): view('BeritaInput', null)
 2 SYSTEMPATH\CodeIgniter.php(934): App\Controllers\Berita->input()
 3 SYSTEMPATH\CodeIgniter.php(499): CodeIgniter\CodeIgniter->runController(Object(App\Controllers\Berita))
 4 SYSTEMPATH\CodeIgniter.php(368): CodeIgniter\CodeIgniter->handleRequest(null, Object(Config\Cache), false)
 5 FCPATH\index.php(67): CodeIgniter\CodeIgniter->run()
 6 SYSTEMPATH\Commands\Server\rewrite.php(47): require_once('FCPATH\\index.php')
CRITICAL - 2023-03-22 14:49:52 --> Argument 2 passed to view() must be of the type array, null given, called in C:\xampp\htdocs\codeigniter4\app\Controllers\Berita.php on line 50
in SYSTEMPATH\Common.php on line 1163.
 1 APPPATH\Controllers\Berita.php(50): view('BeritaInput', null)
 2 SYSTEMPATH\CodeIgniter.php(934): App\Controllers\Berita->input()
 3 SYSTEMPATH\CodeIgniter.php(499): CodeIgniter\CodeIgniter->runController(Object(App\Controllers\Berita))
 4 SYSTEMPATH\CodeIgniter.php(368): CodeIgniter\CodeIgniter->handleRequest(null, Object(Config\Cache), false)
 5 FCPATH\index.php(67): CodeIgniter\CodeIgniter->run()
 6 SYSTEMPATH\Commands\Server\rewrite.php(47): require_once('FCPATH\\index.php')
ERROR - 2023-03-22 15:26:04 --> mysqli_sql_exception: Operand should contain 1 column(s) in C:\xampp\htdocs\codeigniter4\system\Database\MySQLi\Connection.php:295
Stack trace:
#0 C:\xampp\htdocs\codeigniter4\system\Database\MySQLi\Connection.php(295): mysqli->query('INSERT INTO `be...', 0)
#1 C:\xampp\htdocs\codeigniter4\system\Database\BaseConnection.php(691): CodeIgniter\Database\MySQLi\Connection->execute('INSERT INTO `be...')
#2 C:\xampp\htdocs\codeigniter4\system\Database\BaseConnection.php(605): CodeIgniter\Database\BaseConnection->simpleQuery('INSERT INTO `be...')
#3 C:\xampp\htdocs\codeigniter4\system\Database\BaseBuilder.php(2295): CodeIgniter\Database\BaseConnection->query('INSERT INTO `be...', Array, false)
#4 C:\xampp\htdocs\codeigniter4\app\Models\ModelBerita.php(50): CodeIgniter\Database\BaseBuilder->insert(Array)
#5 C:\xampp\htdocs\codeigniter4\app\Controllers\Berita.php(63): App\Models\ModelBerita->insertBerita(Array)
#6 C:\xampp\htdocs\codeigniter4\system\CodeIgniter.php(934): App\Controllers\Berita->insert()
#7 C:\xampp\htdocs\codeigniter4\system\CodeIgniter.php(499): CodeIgniter\CodeIgniter->runController(Object(App\Controllers\Berita))
#8 C:\xampp\htdocs\codeigniter4\system\CodeIgniter.php(368): CodeIgniter\CodeIgniter->handleRequest(NULL, Object(Config\Cache), false)
#9 C:\xampp\htdocs\codeigniter4\public\index.php(67): CodeIgniter\CodeIgniter->run()
#10 C:\xampp\htdocs\codeigniter4\system\Commands\Server\rewrite.php(47): require_once('C:\\xampp\\htdocs...')
#11 {main}
CRITICAL - 2023-03-22 15:26:04 --> Operand should contain 1 column(s)
in SYSTEMPATH\Database\BaseConnection.php on line 645.
 1 SYSTEMPATH\Database\BaseBuilder.php(2295): CodeIgniter\Database\BaseConnection->query('INSERT INTO `berita` (`id`) VALUES (:id:)', [...], false)
 2 APPPATH\Models\ModelBerita.php(50): CodeIgniter\Database\BaseBuilder->insert([...])
 3 APPPATH\Controllers\Berita.php(63): App\Models\ModelBerita->insertBerita([...])
 4 SYSTEMPATH\CodeIgniter.php(934): App\Controllers\Berita->insert()
 5 SYSTEMPATH\CodeIgniter.php(499): CodeIgniter\CodeIgniter->runController(Object(App\Controllers\Berita))
 6 SYSTEMPATH\CodeIgniter.php(368): CodeIgniter\CodeIgniter->handleRequest(null, Object(Config\Cache), false)
 7 FCPATH\index.php(67): CodeIgniter\CodeIgniter->run()
 8 SYSTEMPATH\Commands\Server\rewrite.php(47): require_once('FCPATH\\index.php')
CRITICAL - 2023-03-22 15:28:30 --> You must use the "set" method to insert an entry.
in SYSTEMPATH\Database\BaseBuilder.php on line 2337.
 1 SYSTEMPATH\Database\BaseBuilder.php(2277): CodeIgniter\Database\BaseBuilder->validateInsert()
 2 APPPATH\Models\ModelBerita.php(50): CodeIgniter\Database\BaseBuilder->insert(null)
 3 APPPATH\Controllers\Berita.php(63): App\Models\ModelBerita->insertBerita([...])
 4 SYSTEMPATH\CodeIgniter.php(934): App\Controllers\Berita->insert()
 5 SYSTEMPATH\CodeIgniter.php(499): CodeIgniter\CodeIgniter->runController(Object(App\Controllers\Berita))
 6 SYSTEMPATH\CodeIgniter.php(368): CodeIgniter\CodeIgniter->handleRequest(null, Object(Config\Cache), false)
 7 FCPATH\index.php(67): CodeIgniter\CodeIgniter->run()
 8 SYSTEMPATH\Commands\Server\rewrite.php(47): require_once('FCPATH\\index.php')
CRITICAL - 2023-03-22 15:28:59 --> You must use the "set" method to insert an entry.
in SYSTEMPATH\Database\BaseBuilder.php on line 2337.
 1 SYSTEMPATH\Database\BaseBuilder.php(2277): CodeIgniter\Database\BaseBuilder->validateInsert()
 2 APPPATH\Models\ModelBerita.php(50): CodeIgniter\Database\BaseBuilder->insert(null)
 3 APPPATH\Controllers\Berita.php(63): App\Models\ModelBerita->insertBerita([...])
 4 SYSTEMPATH\CodeIgniter.php(934): App\Controllers\Berita->insert()
 5 SYSTEMPATH\CodeIgniter.php(499): CodeIgniter\CodeIgniter->runController(Object(App\Controllers\Berita))
 6 SYSTEMPATH\CodeIgniter.php(368): CodeIgniter\CodeIgniter->handleRequest(null, Object(Config\Cache), false)
 7 FCPATH\index.php(67): CodeIgniter\CodeIgniter->run()
 8 SYSTEMPATH\Commands\Server\rewrite.php(47): require_once('FCPATH\\index.php')
CRITICAL - 2023-03-22 15:30:30 --> syntax error, unexpected '?>', expecting function (T_FUNCTION) or const (T_CONST)
in APPPATH\Controllers\Berita.php on line 70.
 1 SYSTEMPATH\Autoloader\Autoloader.php(289): CodeIgniter\Autoloader\Autoloader->includeFile('APPPATH\\Controllers\\Berita.php')
 2 SYSTEMPATH\Autoloader\Autoloader.php(267): CodeIgniter\Autoloader\Autoloader->loadInNamespace('App\\Controllers\\Berita')
 3 [internal function]: CodeIgniter\Autoloader\Autoloader->loadClass('App\\Controllers\\Berita')
 4 [internal function]: spl_autoload_call('App\\Controllers\\Berita')
 5 SYSTEMPATH\CodeIgniter.php(892): class_exists('\\App\\Controllers\\Berita', true)
 6 SYSTEMPATH\CodeIgniter.php(486): CodeIgniter\CodeIgniter->startController()
 7 SYSTEMPATH\CodeIgniter.php(368): CodeIgniter\CodeIgniter->handleRequest(null, Object(Config\Cache), false)
 8 FCPATH\index.php(67): CodeIgniter\CodeIgniter->run()
 9 SYSTEMPATH\Commands\Server\rewrite.php(47): require_once('FCPATH\\index.php')
CRITICAL - 2023-03-22 15:30:32 --> syntax error, unexpected '?>', expecting function (T_FUNCTION) or const (T_CONST)
in APPPATH\Controllers\Berita.php on line 70.
 1 SYSTEMPATH\Autoloader\Autoloader.php(289): CodeIgniter\Autoloader\Autoloader->includeFile('APPPATH\\Controllers\\Berita.php')
 2 SYSTEMPATH\Autoloader\Autoloader.php(267): CodeIgniter\Autoloader\Autoloader->loadInNamespace('App\\Controllers\\Berita')
 3 [internal function]: CodeIgniter\Autoloader\Autoloader->loadClass('App\\Controllers\\Berita')
 4 [internal function]: spl_autoload_call('App\\Controllers\\Berita')
 5 SYSTEMPATH\CodeIgniter.php(892): class_exists('\\App\\Controllers\\Berita', true)
 6 SYSTEMPATH\CodeIgniter.php(486): CodeIgniter\CodeIgniter->startController()
 7 SYSTEMPATH\CodeIgniter.php(368): CodeIgniter\CodeIgniter->handleRequest(null, Object(Config\Cache), false)
 8 FCPATH\index.php(67): CodeIgniter\CodeIgniter->run()
 9 SYSTEMPATH\Commands\Server\rewrite.php(47): require_once('FCPATH\\index.php')
CRITICAL - 2023-03-22 16:03:31 --> Call to undefined method App\Models\ModelDaerah::updateDaerah
in SYSTEMPATH\Model.php on line 841.
 1 APPPATH\Controllers\Daerah.php(37): CodeIgniter\Model->__call('updateDaerah', [...])
 2 SYSTEMPATH\CodeIgniter.php(934): App\Controllers\Daerah->edit('$1')
 3 SYSTEMPATH\CodeIgniter.php(499): CodeIgniter\CodeIgniter->runController(Object(App\Controllers\Daerah))
 4 SYSTEMPATH\CodeIgniter.php(368): CodeIgniter\CodeIgniter->handleRequest(null, Object(Config\Cache), false)
 5 FCPATH\index.php(67): CodeIgniter\CodeIgniter->run()
 6 SYSTEMPATH\Commands\Server\rewrite.php(47): require_once('FCPATH\\index.php')
CRITICAL - 2023-03-22 16:04:04 --> Call to undefined method App\Models\ModelDaerah::updateDaerah
in SYSTEMPATH\Model.php on line 841.
 1 APPPATH\Controllers\Daerah.php(37): CodeIgniter\Model->__call('updateDaerah', [...])
 2 SYSTEMPATH\CodeIgniter.php(934): App\Controllers\Daerah->edit('$1')
 3 SYSTEMPATH\CodeIgniter.php(499): CodeIgniter\CodeIgniter->runController(Object(App\Controllers\Daerah))
 4 SYSTEMPATH\CodeIgniter.php(368): CodeIgniter\CodeIgniter->handleRequest(null, Object(Config\Cache), false)
 5 FCPATH\index.php(67): CodeIgniter\CodeIgniter->run()
 6 SYSTEMPATH\Commands\Server\rewrite.php(47): require_once('FCPATH\\index.php')
CRITICAL - 2023-03-22 16:04:42 --> Call to undefined method App\Models\ModelDaerah::updateDaerah
in SYSTEMPATH\Model.php on line 841.
 1 APPPATH\Controllers\Daerah.php(37): CodeIgniter\Model->__call('updateDaerah', [...])
 2 SYSTEMPATH\CodeIgniter.php(934): App\Controllers\Daerah->edit('$1')
 3 SYSTEMPATH\CodeIgniter.php(499): CodeIgniter\CodeIgniter->runController(Object(App\Controllers\Daerah))
 4 SYSTEMPATH\CodeIgniter.php(368): CodeIgniter\CodeIgniter->handleRequest(null, Object(Config\Cache), false)
 5 FCPATH\index.php(67): CodeIgniter\CodeIgniter->run()
 6 SYSTEMPATH\Commands\Server\rewrite.php(47): require_once('FCPATH\\index.php')
CRITICAL - 2023-03-22 16:05:29 --> Call to undefined method App\Models\ModelDaerah::updateDaerah
in SYSTEMPATH\Model.php on line 841.
 1 APPPATH\Controllers\Daerah.php(37): CodeIgniter\Model->__call('updateDaerah', [...])
 2 SYSTEMPATH\CodeIgniter.php(934): App\Controllers\Daerah->edit('$1')
 3 SYSTEMPATH\CodeIgniter.php(499): CodeIgniter\CodeIgniter->runController(Object(App\Controllers\Daerah))
 4 SYSTEMPATH\CodeIgniter.php(368): CodeIgniter\CodeIgniter->handleRequest(null, Object(Config\Cache), false)
 5 FCPATH\index.php(67): CodeIgniter\CodeIgniter->run()
 6 SYSTEMPATH\Commands\Server\rewrite.php(47): require_once('FCPATH\\index.php')
CRITICAL - 2023-03-22 16:06:19 --> Call to undefined method App\Models\ModelDaerah::updateDaerah
in SYSTEMPATH\Model.php on line 841.
 1 APPPATH\Controllers\Daerah.php(37): CodeIgniter\Model->__call('updateDaerah', [...])
 2 SYSTEMPATH\CodeIgniter.php(934): App\Controllers\Daerah->edit('$1')
 3 SYSTEMPATH\CodeIgniter.php(499): CodeIgniter\CodeIgniter->runController(Object(App\Controllers\Daerah))
 4 SYSTEMPATH\CodeIgniter.php(368): CodeIgniter\CodeIgniter->handleRequest(null, Object(Config\Cache), false)
 5 FCPATH\index.php(67): CodeIgniter\CodeIgniter->run()
 6 SYSTEMPATH\Commands\Server\rewrite.php(47): require_once('FCPATH\\index.php')
CRITICAL - 2023-03-22 16:06:49 --> Call to undefined method App\Models\ModelDaerah::updateDaerah
in SYSTEMPATH\Model.php on line 841.
 1 APPPATH\Controllers\Daerah.php(37): CodeIgniter\Model->__call('updateDaerah', [...])
 2 SYSTEMPATH\CodeIgniter.php(934): App\Controllers\Daerah->edit('$1')
 3 SYSTEMPATH\CodeIgniter.php(499): CodeIgniter\CodeIgniter->runController(Object(App\Controllers\Daerah))
 4 SYSTEMPATH\CodeIgniter.php(368): CodeIgniter\CodeIgniter->handleRequest(null, Object(Config\Cache), false)
 5 FCPATH\index.php(67): CodeIgniter\CodeIgniter->run()
 6 SYSTEMPATH\Commands\Server\rewrite.php(47): require_once('FCPATH\\index.php')
CRITICAL - 2023-03-22 16:07:19 --> Call to undefined method App\Models\ModelDaerah::updateDaerah
in SYSTEMPATH\Model.php on line 841.
 1 APPPATH\Controllers\Daerah.php(37): CodeIgniter\Model->__call('updateDaerah', [...])
 2 SYSTEMPATH\CodeIgniter.php(934): App\Controllers\Daerah->edit('$1')
 3 SYSTEMPATH\CodeIgniter.php(499): CodeIgniter\CodeIgniter->runController(Object(App\Controllers\Daerah))
 4 SYSTEMPATH\CodeIgniter.php(368): CodeIgniter\CodeIgniter->handleRequest(null, Object(Config\Cache), false)
 5 FCPATH\index.php(67): CodeIgniter\CodeIgniter->run()
 6 SYSTEMPATH\Commands\Server\rewrite.php(47): require_once('FCPATH\\index.php')
CRITICAL - 2023-03-22 16:08:53 --> Call to undefined method App\Models\ModelDaerah::updateDaerah
in SYSTEMPATH\Model.php on line 841.
 1 APPPATH\Controllers\Daerah.php(37): CodeIgniter\Model->__call('updateDaerah', [...])
 2 SYSTEMPATH\CodeIgniter.php(934): App\Controllers\Daerah->edit('$1')
 3 SYSTEMPATH\CodeIgniter.php(499): CodeIgniter\CodeIgniter->runController(Object(App\Controllers\Daerah))
 4 SYSTEMPATH\CodeIgniter.php(368): CodeIgniter\CodeIgniter->handleRequest(null, Object(Config\Cache), false)
 5 FCPATH\index.php(67): CodeIgniter\CodeIgniter->run()
 6 SYSTEMPATH\Commands\Server\rewrite.php(47): require_once('FCPATH\\index.php')
CRITICAL - 2023-03-22 16:10:27 --> Call to undefined method App\Models\ModelDaerah::updateDaerah
in SYSTEMPATH\Model.php on line 841.
 1 APPPATH\Controllers\Daerah.php(37): CodeIgniter\Model->__call('updateDaerah', [...])
 2 SYSTEMPATH\CodeIgniter.php(934): App\Controllers\Daerah->edit('$1')
 3 SYSTEMPATH\CodeIgniter.php(499): CodeIgniter\CodeIgniter->runController(Object(App\Controllers\Daerah))
 4 SYSTEMPATH\CodeIgniter.php(368): CodeIgniter\CodeIgniter->handleRequest(null, Object(Config\Cache), false)
 5 FCPATH\index.php(67): CodeIgniter\CodeIgniter->run()
 6 SYSTEMPATH\Commands\Server\rewrite.php(47): require_once('FCPATH\\index.php')
CRITICAL - 2023-03-22 16:11:18 --> Call to undefined method App\Models\ModelDaerah::updateDaerah
in SYSTEMPATH\Model.php on line 841.
 1 APPPATH\Controllers\Daerah.php(37): CodeIgniter\Model->__call('updateDaerah', [...])
 2 SYSTEMPATH\CodeIgniter.php(934): App\Controllers\Daerah->edit('$1')
 3 SYSTEMPATH\CodeIgniter.php(499): CodeIgniter\CodeIgniter->runController(Object(App\Controllers\Daerah))
 4 SYSTEMPATH\CodeIgniter.php(368): CodeIgniter\CodeIgniter->handleRequest(null, Object(Config\Cache), false)
 5 FCPATH\index.php(67): CodeIgniter\CodeIgniter->run()
 6 SYSTEMPATH\Commands\Server\rewrite.php(47): require_once('FCPATH\\index.php')
CRITICAL - 2023-03-22 16:13:47 --> Call to undefined method App\Models\ModelDaerah::insertDaerah
in SYSTEMPATH\Model.php on line 841.
 1 APPPATH\Controllers\Daerah.php(61): CodeIgniter\Model->__call('insertDaerah', [...])
 2 SYSTEMPATH\CodeIgniter.php(934): App\Controllers\Daerah->insert()
 3 SYSTEMPATH\CodeIgniter.php(499): CodeIgniter\CodeIgniter->runController(Object(App\Controllers\Daerah))
 4 SYSTEMPATH\CodeIgniter.php(368): CodeIgniter\CodeIgniter->handleRequest(null, Object(Config\Cache), false)
 5 FCPATH\index.php(67): CodeIgniter\CodeIgniter->run()
 6 SYSTEMPATH\Commands\Server\rewrite.php(47): require_once('FCPATH\\index.php')
CRITICAL - 2023-03-22 16:14:41 --> Call to undefined method App\Models\ModelDaerah::insertDaerah
in SYSTEMPATH\Model.php on line 841.
 1 APPPATH\Controllers\Daerah.php(61): CodeIgniter\Model->__call('insertDaerah', [...])
 2 SYSTEMPATH\CodeIgniter.php(934): App\Controllers\Daerah->insert()
 3 SYSTEMPATH\CodeIgniter.php(499): CodeIgniter\CodeIgniter->runController(Object(App\Controllers\Daerah))
 4 SYSTEMPATH\CodeIgniter.php(368): CodeIgniter\CodeIgniter->handleRequest(null, Object(Config\Cache), false)
 5 FCPATH\index.php(67): CodeIgniter\CodeIgniter->run()
 6 SYSTEMPATH\Commands\Server\rewrite.php(47): require_once('FCPATH\\index.php')
